\BOOKMARK [0][-]{chapter.1}{C\341c bc thc hin ph\341t trin chng tr\354nh}{}% 1
\BOOKMARK [1][-]{section.1.1}{X\341c inh b\340i to\341n}{chapter.1}% 2
\BOOKMARK [2][-]{subsection.1.1.1}{D liu u v\340o}{section.1.1}% 3
\BOOKMARK [2][-]{subsection.1.1.2}{D liu u ra}{section.1.1}% 4
\BOOKMARK [1][-]{section.1.2}{C s to\341n hoc}{chapter.1}% 5
\BOOKMARK [2][-]{subsection.1.2.1}{Ma trn ch\351o tri, chun cua ma trn}{section.1.2}% 6
\BOOKMARK [2][-]{subsection.1.2.2}{\320iu kin hi tu ti nghim \372ng}{section.1.2}% 7
\BOOKMARK [2][-]{subsection.1.2.3}{Phng ph\341p lp n}{section.1.2}% 8
\BOOKMARK [2][-]{subsection.1.2.4}{Sai s phng ph\341p}{section.1.2}% 9
\BOOKMARK [1][-]{section.1.3}{\335 tng giai quyt b\340i to\341n}{chapter.1}% 10
\BOOKMARK [2][-]{subsection.1.3.1}{Thit k bng phng ph\341p tinh chinh dn tng bc}{section.1.3}% 11
\BOOKMARK [2][-]{subsection.1.3.2}{C\340i t chng tr\354nh theo thut to\341n}{section.1.3}% 12
\BOOKMARK [0][-]{chapter.2}{Phng ph\341p tinh chinh tng bc}{}% 13
\BOOKMARK [1][-]{section.2.1}{Module h\363a b\340i to\341n - thit k kiu top-down}{chapter.2}% 14
\BOOKMARK [1][-]{section.2.2}{Chi tit h\363a dn Module}{chapter.2}% 15
\BOOKMARK [2][-]{subsection.2.2.1}{Module: Phng ph\341p lp n}{section.2.2}% 16
\BOOKMARK [2][-]{subsection.2.2.2}{Module: Phng ph\341p lp Seidel}{section.2.2}% 17
\BOOKMARK [2][-]{subsection.2.2.3}{Module: Nhp ma trn}{section.2.2}% 18
\BOOKMARK [2][-]{subsection.2.2.4}{Module: Xut kt qua}{section.2.2}% 19
\BOOKMARK [2][-]{subsection.2.2.5}{Module: T\354m chun cua ma trn}{section.2.2}% 20
\BOOKMARK [2][-]{subsection.2.2.6}{Module: Kim tra t\355nh ch\351o tri cua ma trn}{section.2.2}% 21
\BOOKMARK [2][-]{subsection.2.2.7}{Module: T\354m nghim gn \372ng vi sai s cho trc}{section.2.2}% 22
\BOOKMARK [2][-]{subsection.2.2.8}{Module: Bin i ma trn v dang: x = Tx + c}{section.2.2}% 23
\BOOKMARK [2][-]{subsection.2.2.9}{Module: T\355nh sai s}{section.2.2}% 24
\BOOKMARK [0][-]{chapter.3}{\320\341nh gi\341 kt qua thu c}{}% 25
\BOOKMARK [1][-]{section.3.1}{T\355nh \372ng n cua kt qua}{chapter.3}% 26
\BOOKMARK [1][-]{section.3.2}{\320\341nh gi\341 v phong c\341ch lp tr\354nh}{chapter.3}% 27
\BOOKMARK [1][-]{section.3.3}{H\354nh anh kt qua thu c}{chapter.3}% 28
