\BOOKMARK [0][-]{chapter.1}{Gii thiu}{}% 1
\BOOKMARK [1][-]{section.1.1}{Gii thiu \040t\340i}{chapter.1}% 2
\BOOKMARK [1][-]{section.1.2}{Muc ti\352u cua \040t\340i}{chapter.1}% 3
\BOOKMARK [1][-]{section.1.3}{Cu tr\372c lun van}{chapter.1}% 4
\BOOKMARK [0][-]{chapter.2}{Tng quan}{}% 5
\BOOKMARK [1][-]{section.2.1}{Hiu qua \341nh m\341y bng mt vi 9-hng Gaze Estimation 9direction}{chapter.2}% 6
\BOOKMARK [1][-]{section.2.2}{Appearance-Based Gaze Estimation in the Wild appearance}{chapter.2}% 7
\BOOKMARK [1][-]{section.2.3}{Rendering of Eyes for Eye-Shape Registration and Gaze Estimation eyeShapeRegistrationAndGazeEstimation}{chapter.2}% 8
\BOOKMARK [1][-]{section.2.4}{Learning an appearance-based gaze estimator from one million synthesised images Learninganappearancebasedgazeestimator}{chapter.2}% 9
\BOOKMARK [0][-]{chapter.3}{Kin thc nn tang}{}% 10
\BOOKMARK [1][-]{section.3.1}{Kh\341i nim chung}{chapter.3}% 11
\BOOKMARK [1][-]{section.3.2}{Convolution Neural Network cnn}{chapter.3}% 12
\BOOKMARK [2][-]{subsection.3.2.1}{C\341c th\340nh phn c ban cua mang CNN}{section.3.2}% 13
\BOOKMARK [2][-]{subsection.3.2.2}{Kin tr\372c mang CNN c ban}{section.3.2}% 14
\BOOKMARK [1][-]{section.3.3}{C\341c kin tr\372c mang CNN n\342ng cao}{chapter.3}% 15
\BOOKMARK [2][-]{subsection.3.3.1}{Mang LeNet-5}{section.3.3}% 16
\BOOKMARK [2][-]{subsection.3.3.2}{Mang AlexNet}{section.3.3}% 17
\BOOKMARK [2][-]{subsection.3.3.3}{Mang GoogLeNet}{section.3.3}% 18
\BOOKMARK [2][-]{subsection.3.3.4}{Mang ResNet renset}{section.3.3}% 19
\BOOKMARK [0][-]{chapter.4}{Hng tip cn v\340 m\364 h\354nh \040xut}{}% 20
\BOOKMARK [1][-]{section.4.1}{Hng tip cn}{chapter.4}% 21
\BOOKMARK [1][-]{section.4.2}{C\364ng cu s dung}{chapter.4}% 22
\BOOKMARK [0][-]{chapter.5}{Thc nghim v\340 \341nh gi\341 m\364 h\354nh}{}% 23
\BOOKMARK [1][-]{section.5.1}{Chun bi d liu, nghi\352n cu, ph\342n t\355ch \040t\340i }{chapter.5}% 24
\BOOKMARK [2][-]{subsection.5.1.1}{Chun bi kin thc nn tang}{section.5.1}% 25
\BOOKMARK [2][-]{subsection.5.1.2}{Nghi\352n cu ky thut d\365i chuyn ng mt hin nay}{section.5.1}% 26
\BOOKMARK [2][-]{subsection.5.1.3}{Chun bi v\340 x l\375 d liu}{section.5.1}% 27
\BOOKMARK [1][-]{section.5.2}{Tin h\340nh thc hin}{chapter.5}% 28
\BOOKMARK [2][-]{subsection.5.2.1}{Tp d liu GazeCaptureEyeTracking}{section.5.2}% 29
\BOOKMARK [2][-]{subsection.5.2.2}{Tp d liu MPIIFaceGaze}{section.5.2}% 30
\BOOKMARK [1][-]{section.5.3}{\320\341nh gi\341 kt qua, m\364 h\354nh}{chapter.5}% 31
\BOOKMARK [0][-]{chapter.6}{Thao lun}{}% 32
